<?xml version="1.0" encoding="UTF-8"?>
<!-- Generated by org.testng.reporters.JUnitXMLReporter -->
<testsuite hostname="EN-MuktharM" name="Command line test" tests="2" failures="2" timestamp="22 Jun 2016 17:02:27 GMT" time="0.034" errors="0">
  <testcase name="testStudyGroupClass on testStudyGroupClass(com.muks.coberturawrk.test1.StudyGroupTest)" time="0.01" classname="com.muks.coberturawrk.test1.StudyGroupTest">
    <failure type="java.lang.NoSuchMethodError" message="net.sourceforge.cobertura.coveragedata.TouchCollector.registerClass(Ljava/lang/String;)V">
      <![CDATA[java.lang.NoSuchMethodError: net.sourceforge.cobertura.coveragedata.TouchCollector.registerClass(Ljava/lang/String;)V
	at com.muks.coberturawrk.Student.__cobertura_init(Student.java)
	at com.muks.coberturawrk.Student.<clinit>(Student.java)
	at com.muks.coberturawrk.test1.StudyGroupTest.testStudyGroupClass(StudyGroupTest.java:20)
	at junit.framework.TestCase.runTest(TestCase.java:154)
	at junit.framework.TestCase.runBare(TestCase.java:127)
	at junit.framework.TestResult$1.protect(TestResult.java:106)
	at junit.framework.TestResult.runProtected(TestResult.java:124)
	at junit.framework.TestResult.run(TestResult.java:109)
	at junit.framework.TestCase.run(TestCase.java:118)
	at junit.framework.TestSuite.runTest(TestSuite.java:208)
	at junit.framework.TestSuite.run(TestSuite.java:203)
... Removed 33 stack frames]]>
    </failure>
  </testcase> <!-- testStudyGroupClass on testStudyGroupClass(com.muks.coberturawrk.test1.StudyGroupTest) -->
  <testcase name="testStudyGroupClass on testStudyGroupClass(com.muks.coberturawrk.test2.StudyGrpTest)" time="0.0" classname="com.muks.coberturawrk.test2.StudyGrpTest">
    <failure type="java.lang.NoClassDefFoundError" message="Could not initialize class com.muks.coberturawrk.Student">
      <![CDATA[java.lang.NoClassDefFoundError: Could not initialize class com.muks.coberturawrk.Student
	at com.muks.coberturawrk.test2.StudyGrpTest.testStudyGroupClass(StudyGrpTest.java:21)
	at junit.framework.TestCase.runTest(TestCase.java:154)
	at junit.framework.TestCase.runBare(TestCase.java:127)
	at junit.framework.TestResult$1.protect(TestResult.java:106)
	at junit.framework.TestResult.runProtected(TestResult.java:124)
	at junit.framework.TestResult.run(TestResult.java:109)
	at junit.framework.TestCase.run(TestCase.java:118)
	at junit.framework.TestSuite.runTest(TestSuite.java:208)
	at junit.framework.TestSuite.run(TestSuite.java:203)
... Removed 33 stack frames]]>
    </failure>
  </testcase> <!-- testStudyGroupClass on testStudyGroupClass(com.muks.coberturawrk.test2.StudyGrpTest) -->
</testsuite> <!-- Command line test -->
